<?xml version="1.0" encoding="UTF-8" ?>
<testsuite failures="0" time="1.301" errors="0" skipped="0" tests="1" name="com.example.MyResourceTest">
  <properties>
    <property name="java.runtime.name" value="Java(TM) SE Runtime Environment"/>
    <property name="sun.boot.library.path" value="/Library/Java/JavaVirtualMachines/jdk1.7.0_07.jdk/Contents/Home/jre/lib"/>
    <property name="java.vm.version" value="23.3-b01"/>
    <property name="gopherProxySet" value="false"/>
    <property name="java.vm.vendor" value="Oracle Corporation"/>
    <property name="java.vendor.url" value="http://java.oracle.com/"/>
    <property name="path.separator" value=":"/>
    <property name="java.vm.name" value="Java HotSpot(TM) 64-Bit Server VM"/>
    <property name="file.encoding.pkg" value="sun.io"/>
    <property name="user.country" value="US"/>
    <property name="sun.java.launcher" value="SUN_STANDARD"/>
    <property name="sun.os.patch.level" value="unknown"/>
    <property name="java.vm.specification.name" value="Java Virtual Machine Specification"/>
    <property name="user.dir" value="/Users/Zhefan/Documents/JersseyProject/simple-service"/>
    <property name="java.runtime.version" value="1.7.0_07-b10"/>
    <property name="java.awt.graphicsenv" value="sun.awt.CGraphicsEnvironment"/>
    <property name="basedir" value="/Users/Zhefan/Documents/JersseyProject/simple-service"/>
    <property name="java.endorsed.dirs" value="/Library/Java/JavaVirtualMachines/jdk1.7.0_07.jdk/Contents/Home/jre/lib/endorsed"/>
    <property name="os.arch" value="x86_64"/>
    <property name="surefire.real.class.path" value="/Users/Zhefan/Documents/JersseyProject/simple-service/target/surefire/surefirebooter9140714244567000056.jar"/>
    <property name="java.io.tmpdir" value="/var/folders/v1/5_7dq5jd771bz56q3hyz9stw0000gn/T/"/>
    <property name="line.separator" value="
"/>
    <property name="java.vm.specification.vendor" value="Oracle Corporation"/>
    <property name="os.name" value="Mac OS X"/>
    <property name="sun.jnu.encoding" value="UTF-8"/>
    <property name="java.library.path" value="/Users/Zhefan/Library/Java/Extensions:/Library/Java/Extensions:/Network/Library/Java/Extensions:/System/Library/Java/Extensions:/usr/lib/java:."/>
    <property name="surefire.test.class.path" value="/Users/Zhefan/Documents/JersseyProject/simple-service/target/test-classes:/Users/Zhefan/Documents/JersseyProject/simple-service/target/classes:/Users/Zhefan/.m2/repository/org/glassfish/jersey/containers/jersey-container-grizzly2-http/2.0/jersey-container-grizzly2-http-2.0.jar:/Users/Zhefan/.m2/repository/org/glassfish/hk2/external/javax.inject/2.1.88/javax.inject-2.1.88.jar:/Users/Zhefan/.m2/repository/org/glassfish/grizzly/grizzly-http-server/2.3.1/grizzly-http-server-2.3.1.jar:/Users/Zhefan/.m2/repository/org/glassfish/grizzly/grizzly-http/2.3.1/grizzly-http-2.3.1.jar:/Users/Zhefan/.m2/repository/org/glassfish/grizzly/grizzly-framework/2.3.1/grizzly-framework-2.3.1.jar:/Users/Zhefan/.m2/repository/org/glassfish/grizzly/grizzly-rcm/2.3.1/grizzly-rcm-2.3.1.jar:/Users/Zhefan/.m2/repository/org/glassfish/jersey/core/jersey-common/2.0/jersey-common-2.0.jar:/Users/Zhefan/.m2/repository/javax/annotation/javax.annotation-api/1.2/javax.annotation-api-1.2.jar:/Users/Zhefan/.m2/repository/org/glassfish/hk2/osgi-resource-locator/1.0.1/osgi-resource-locator-1.0.1.jar:/Users/Zhefan/.m2/repository/org/glassfish/jersey/core/jersey-server/2.0/jersey-server-2.0.jar:/Users/Zhefan/.m2/repository/javax/validation/validation-api/1.1.0.Final/validation-api-1.1.0.Final.jar:/Users/Zhefan/.m2/repository/javax/ws/rs/javax.ws.rs-api/2.0/javax.ws.rs-api-2.0.jar:/Users/Zhefan/.m2/repository/org/glassfish/jersey/media/jersey-media-moxy/2.0/jersey-media-moxy-2.0.jar:/Users/Zhefan/.m2/repository/org/eclipse/persistence/org.eclipse.persistence.moxy/2.5.0-M13/org.eclipse.persistence.moxy-2.5.0-M13.jar:/Users/Zhefan/.m2/repository/org/eclipse/persistence/org.eclipse.persistence.core/2.5.0-M13/org.eclipse.persistence.core-2.5.0-M13.jar:/Users/Zhefan/.m2/repository/org/eclipse/persistence/org.eclipse.persistence.asm/2.5.0-M13/org.eclipse.persistence.asm-2.5.0-M13.jar:/Users/Zhefan/.m2/repository/org/eclipse/persistence/org.eclipse.persistence.antlr/2.3.2/org.eclipse.persistence.antlr-2.3.2.jar:/Users/Zhefan/.m2/repository/junit/junit/4.9/junit-4.9.jar:/Users/Zhefan/.m2/repository/org/hamcrest/hamcrest-core/1.1/hamcrest-core-1.1.jar:/Users/Zhefan/.m2/repository/org/glassfish/jersey/core/jersey-client/2.0/jersey-client-2.0.jar:/Users/Zhefan/.m2/repository/com/google/guava/guava/14.0.1/guava-14.0.1.jar:/Users/Zhefan/.m2/repository/org/glassfish/hk2/hk2-api/2.1.88/hk2-api-2.1.88.jar:/Users/Zhefan/.m2/repository/org/glassfish/hk2/hk2-utils/2.1.88/hk2-utils-2.1.88.jar:/Users/Zhefan/.m2/repository/org/glassfish/hk2/hk2-locator/2.1.88/hk2-locator-2.1.88.jar:/Users/Zhefan/.m2/repository/org/glassfish/hk2/external/asm-all-repackaged/2.1.88/asm-all-repackaged-2.1.88.jar:/Users/Zhefan/.m2/repository/org/glassfish/hk2/external/cglib/2.1.88/cglib-2.1.88.jar:"/>
    <property name="java.specification.name" value="Java Platform API Specification"/>
    <property name="java.class.version" value="51.0"/>
    <property name="sun.management.compiler" value="HotSpot 64-Bit Tiered Compilers"/>
    <property name="os.version" value="10.8.4"/>
    <property name="http.nonProxyHosts" value="local|*.local|169.254/16|*.169.254/16"/>
    <property name="user.home" value="/Users/Zhefan"/>
    <property name="user.timezone" value="America/New_York"/>
    <property name="java.awt.printerjob" value="sun.lwawt.macosx.CPrinterJob"/>
    <property name="java.specification.version" value="1.7"/>
    <property name="file.encoding" value="UTF-8"/>
    <property name="user.name" value="Zhefan"/>
    <property name="java.class.path" value="/Users/Zhefan/Documents/JersseyProject/simple-service/target/test-classes:/Users/Zhefan/Documents/JersseyProject/simple-service/target/classes:/Users/Zhefan/.m2/repository/org/glassfish/jersey/containers/jersey-container-grizzly2-http/2.0/jersey-container-grizzly2-http-2.0.jar:/Users/Zhefan/.m2/repository/org/glassfish/hk2/external/javax.inject/2.1.88/javax.inject-2.1.88.jar:/Users/Zhefan/.m2/repository/org/glassfish/grizzly/grizzly-http-server/2.3.1/grizzly-http-server-2.3.1.jar:/Users/Zhefan/.m2/repository/org/glassfish/grizzly/grizzly-http/2.3.1/grizzly-http-2.3.1.jar:/Users/Zhefan/.m2/repository/org/glassfish/grizzly/grizzly-framework/2.3.1/grizzly-framework-2.3.1.jar:/Users/Zhefan/.m2/repository/org/glassfish/grizzly/grizzly-rcm/2.3.1/grizzly-rcm-2.3.1.jar:/Users/Zhefan/.m2/repository/org/glassfish/jersey/core/jersey-common/2.0/jersey-common-2.0.jar:/Users/Zhefan/.m2/repository/javax/annotation/javax.annotation-api/1.2/javax.annotation-api-1.2.jar:/Users/Zhefan/.m2/repository/org/glassfish/hk2/osgi-resource-locator/1.0.1/osgi-resource-locator-1.0.1.jar:/Users/Zhefan/.m2/repository/org/glassfish/jersey/core/jersey-server/2.0/jersey-server-2.0.jar:/Users/Zhefan/.m2/repository/javax/validation/validation-api/1.1.0.Final/validation-api-1.1.0.Final.jar:/Users/Zhefan/.m2/repository/javax/ws/rs/javax.ws.rs-api/2.0/javax.ws.rs-api-2.0.jar:/Users/Zhefan/.m2/repository/org/glassfish/jersey/media/jersey-media-moxy/2.0/jersey-media-moxy-2.0.jar:/Users/Zhefan/.m2/repository/org/eclipse/persistence/org.eclipse.persistence.moxy/2.5.0-M13/org.eclipse.persistence.moxy-2.5.0-M13.jar:/Users/Zhefan/.m2/repository/org/eclipse/persistence/org.eclipse.persistence.core/2.5.0-M13/org.eclipse.persistence.core-2.5.0-M13.jar:/Users/Zhefan/.m2/repository/org/eclipse/persistence/org.eclipse.persistence.asm/2.5.0-M13/org.eclipse.persistence.asm-2.5.0-M13.jar:/Users/Zhefan/.m2/repository/org/eclipse/persistence/org.eclipse.persistence.antlr/2.3.2/org.eclipse.persistence.antlr-2.3.2.jar:/Users/Zhefan/.m2/repository/junit/junit/4.9/junit-4.9.jar:/Users/Zhefan/.m2/repository/org/hamcrest/hamcrest-core/1.1/hamcrest-core-1.1.jar:/Users/Zhefan/.m2/repository/org/glassfish/jersey/core/jersey-client/2.0/jersey-client-2.0.jar:/Users/Zhefan/.m2/repository/com/google/guava/guava/14.0.1/guava-14.0.1.jar:/Users/Zhefan/.m2/repository/org/glassfish/hk2/hk2-api/2.1.88/hk2-api-2.1.88.jar:/Users/Zhefan/.m2/repository/org/glassfish/hk2/hk2-utils/2.1.88/hk2-utils-2.1.88.jar:/Users/Zhefan/.m2/repository/org/glassfish/hk2/hk2-locator/2.1.88/hk2-locator-2.1.88.jar:/Users/Zhefan/.m2/repository/org/glassfish/hk2/external/asm-all-repackaged/2.1.88/asm-all-repackaged-2.1.88.jar:/Users/Zhefan/.m2/repository/org/glassfish/hk2/external/cglib/2.1.88/cglib-2.1.88.jar:"/>
    <property name="java.vm.specification.version" value="1.7"/>
    <property name="sun.arch.data.model" value="64"/>
    <property name="java.home" value="/Library/Java/JavaVirtualMachines/jdk1.7.0_07.jdk/Contents/Home/jre"/>
    <property name="sun.java.command" value="/Users/Zhefan/Documents/JersseyProject/simple-service/target/surefire/surefirebooter9140714244567000056.jar /Users/Zhefan/Documents/JersseyProject/simple-service/target/surefire/surefire158150992327778401tmp /Users/Zhefan/Documents/JersseyProject/simple-service/target/surefire/surefire2379819831160512103tmp"/>
    <property name="java.specification.vendor" value="Oracle Corporation"/>
    <property name="user.language" value="en"/>
    <property name="awt.toolkit" value="sun.lwawt.macosx.LWCToolkit"/>
    <property name="java.vm.info" value="mixed mode"/>
    <property name="java.version" value="1.7.0_07"/>
    <property name="java.ext.dirs" value="/Users/Zhefan/Library/Java/Extensions:/Library/Java/JavaVirtualMachines/jdk1.7.0_07.jdk/Contents/Home/jre/lib/ext:/Library/Java/Extensions:/Network/Library/Java/Extensions:/System/Library/Java/Extensions:/usr/lib/java"/>
    <property name="sun.boot.class.path" value="/Library/Java/JavaVirtualMachines/jdk1.7.0_07.jdk/Contents/Home/jre/lib/resources.jar:/Library/Java/JavaVirtualMachines/jdk1.7.0_07.jdk/Contents/Home/jre/lib/rt.jar:/Library/Java/JavaVirtualMachines/jdk1.7.0_07.jdk/Contents/Home/jre/lib/sunrsasign.jar:/Library/Java/JavaVirtualMachines/jdk1.7.0_07.jdk/Contents/Home/jre/lib/jsse.jar:/Library/Java/JavaVirtualMachines/jdk1.7.0_07.jdk/Contents/Home/jre/lib/jce.jar:/Library/Java/JavaVirtualMachines/jdk1.7.0_07.jdk/Contents/Home/jre/lib/charsets.jar:/Library/Java/JavaVirtualMachines/jdk1.7.0_07.jdk/Contents/Home/jre/lib/jfr.jar:/Library/Java/JavaVirtualMachines/jdk1.7.0_07.jdk/Contents/Home/jre/lib/JObjC.jar:/Library/Java/JavaVirtualMachines/jdk1.7.0_07.jdk/Contents/Home/jre/classes"/>
    <property name="java.vendor" value="Oracle Corporation"/>
    <property name="localRepository" value="/Users/Zhefan/.m2/repository"/>
    <property name="file.separator" value="/"/>
    <property name="java.vendor.url.bug" value="http://bugreport.sun.com/bugreport/"/>
    <property name="sun.cpu.endian" value="little"/>
    <property name="sun.io.unicode.encoding" value="UnicodeBig"/>
    <property name="socksNonProxyHosts" value="local|*.local|169.254/16|*.169.254/16"/>
    <property name="ftp.nonProxyHosts" value="local|*.local|169.254/16|*.169.254/16"/>
    <property name="sun.cpu.isalist" value=""/>
  </properties>
  <testcase time="1.253" classname="com.example.MyResourceTest" name="testGetIt"/>
</testsuite>